{"C:\\Users\\Public\\Documents\\gitProfile\\bucket_list_Api\\routes\\api.js": {"path":"C:\\Users\\Public\\Documents\\gitProfile\\bucket_list_Api\\routes\\api.js","statementMap":{"0":{"start":{"line":1,"column":16},"end":{"line":1,"column":34}},"1":{"start":{"line":2,"column":15},"end":{"line":2,"column":31}},"2":{"start":{"line":3,"column":19},"end":{"line":3,"column":50}},"3":{"start":{"line":12,"column":0},"end":{"line":14,"column":3}},"4":{"start":{"line":13,"column":4},"end":{"line":13,"column":29}},"5":{"start":{"line":17,"column":0},"end":{"line":19,"column":3}},"6":{"start":{"line":18,"column":4},"end":{"line":18,"column":24}},"7":{"start":{"line":22,"column":0},"end":{"line":24,"column":3}},"8":{"start":{"line":23,"column":4},"end":{"line":23,"column":25}},"9":{"start":{"line":26,"column":0},"end":{"line":26,"column":24}},"10":{"start":{"line":31,"column":0},"end":{"line":33,"column":3}},"11":{"start":{"line":32,"column":4},"end":{"line":32,"column":25}},"12":{"start":{"line":36,"column":0},"end":{"line":38,"column":3}},"13":{"start":{"line":37,"column":4},"end":{"line":37,"column":29}},"14":{"start":{"line":41,"column":0},"end":{"line":43,"column":3}},"15":{"start":{"line":42,"column":4},"end":{"line":42,"column":24}},"16":{"start":{"line":46,"column":0},"end":{"line":48,"column":3}},"17":{"start":{"line":47,"column":4},"end":{"line":47,"column":25}},"18":{"start":{"line":52,"column":0},"end":{"line":70,"column":3}},"19":{"start":{"line":53,"column":4},"end":{"line":69,"column":5}},"20":{"start":{"line":54,"column":8},"end":{"line":60,"column":11}},"21":{"start":{"line":55,"column":12},"end":{"line":58,"column":13}},"22":{"start":{"line":56,"column":16},"end":{"line":56,"column":35}},"23":{"start":{"line":57,"column":16},"end":{"line":57,"column":23}},"24":{"start":{"line":59,"column":12},"end":{"line":59,"column":29}},"25":{"start":{"line":62,"column":8},"end":{"line":68,"column":11}},"26":{"start":{"line":63,"column":12},"end":{"line":66,"column":13}},"27":{"start":{"line":64,"column":16},"end":{"line":64,"column":35}},"28":{"start":{"line":65,"column":16},"end":{"line":65,"column":23}},"29":{"start":{"line":67,"column":12},"end":{"line":67,"column":29}},"30":{"start":{"line":85,"column":0},"end":{"line":93,"column":3}},"31":{"start":{"line":86,"column":4},"end":{"line":92,"column":7}},"32":{"start":{"line":87,"column":8},"end":{"line":90,"column":9}},"33":{"start":{"line":88,"column":12},"end":{"line":88,"column":31}},"34":{"start":{"line":89,"column":12},"end":{"line":89,"column":19}},"35":{"start":{"line":91,"column":8},"end":{"line":91,"column":25}},"36":{"start":{"line":95,"column":0},"end":{"line":103,"column":2}},"37":{"start":{"line":96,"column":4},"end":{"line":102,"column":7}},"38":{"start":{"line":97,"column":8},"end":{"line":100,"column":9}},"39":{"start":{"line":98,"column":12},"end":{"line":98,"column":31}},"40":{"start":{"line":99,"column":12},"end":{"line":99,"column":19}},"41":{"start":{"line":101,"column":8},"end":{"line":101,"column":25}},"42":{"start":{"line":106,"column":0},"end":{"line":114,"column":3}},"43":{"start":{"line":107,"column":4},"end":{"line":113,"column":7}},"44":{"start":{"line":108,"column":8},"end":{"line":111,"column":9}},"45":{"start":{"line":109,"column":12},"end":{"line":109,"column":31}},"46":{"start":{"line":110,"column":12},"end":{"line":110,"column":19}},"47":{"start":{"line":112,"column":8},"end":{"line":112,"column":25}},"48":{"start":{"line":116,"column":0},"end":{"line":121,"column":2}},"49":{"start":{"line":117,"column":4},"end":{"line":120,"column":6}},"50":{"start":{"line":118,"column":8},"end":{"line":119,"column":33}},"51":{"start":{"line":118,"column":19},"end":{"line":118,"column":38}},"52":{"start":{"line":119,"column":15},"end":{"line":119,"column":31}},"53":{"start":{"line":123,"column":0},"end":{"line":123,"column":24}}},"fnMap":{"0":{"name":"(anonymous_0)","decl":{"start":{"line":12,"column":29},"end":{"line":12,"column":30}},"loc":{"start":{"line":12,"column":49},"end":{"line":14,"column":1}},"line":12},"1":{"name":"(anonymous_1)","decl":{"start":{"line":17,"column":23},"end":{"line":17,"column":24}},"loc":{"start":{"line":17,"column":43},"end":{"line":19,"column":1}},"line":17},"2":{"name":"(anonymous_2)","decl":{"start":{"line":22,"column":24},"end":{"line":22,"column":25}},"loc":{"start":{"line":22,"column":44},"end":{"line":24,"column":1}},"line":22},"3":{"name":"(anonymous_3)","decl":{"start":{"line":31,"column":24},"end":{"line":31,"column":25}},"loc":{"start":{"line":31,"column":44},"end":{"line":33,"column":1}},"line":31},"4":{"name":"(anonymous_4)","decl":{"start":{"line":36,"column":29},"end":{"line":36,"column":30}},"loc":{"start":{"line":36,"column":49},"end":{"line":38,"column":1}},"line":36},"5":{"name":"(anonymous_5)","decl":{"start":{"line":41,"column":23},"end":{"line":41,"column":24}},"loc":{"start":{"line":41,"column":43},"end":{"line":43,"column":1}},"line":41},"6":{"name":"(anonymous_6)","decl":{"start":{"line":46,"column":24},"end":{"line":46,"column":25}},"loc":{"start":{"line":46,"column":44},"end":{"line":48,"column":1}},"line":46},"7":{"name":"(anonymous_7)","decl":{"start":{"line":52,"column":27},"end":{"line":52,"column":28}},"loc":{"start":{"line":52,"column":41},"end":{"line":70,"column":1}},"line":52},"8":{"name":"(anonymous_8)","decl":{"start":{"line":54,"column":76},"end":{"line":54,"column":77}},"loc":{"start":{"line":54,"column":93},"end":{"line":60,"column":9}},"line":54},"9":{"name":"(anonymous_9)","decl":{"start":{"line":62,"column":56},"end":{"line":62,"column":57}},"loc":{"start":{"line":62,"column":73},"end":{"line":68,"column":9}},"line":62},"10":{"name":"(anonymous_10)","decl":{"start":{"line":85,"column":28},"end":{"line":85,"column":29}},"loc":{"start":{"line":85,"column":42},"end":{"line":93,"column":1}},"line":85},"11":{"name":"(anonymous_11)","decl":{"start":{"line":86,"column":42},"end":{"line":86,"column":43}},"loc":{"start":{"line":86,"column":59},"end":{"line":92,"column":5}},"line":86},"12":{"name":"(anonymous_12)","decl":{"start":{"line":95,"column":44},"end":{"line":95,"column":45}},"loc":{"start":{"line":95,"column":58},"end":{"line":103,"column":1}},"line":95},"13":{"name":"(anonymous_13)","decl":{"start":{"line":96,"column":66},"end":{"line":96,"column":67}},"loc":{"start":{"line":96,"column":83},"end":{"line":102,"column":5}},"line":96},"14":{"name":"(anonymous_14)","decl":{"start":{"line":106,"column":44},"end":{"line":106,"column":45}},"loc":{"start":{"line":106,"column":58},"end":{"line":114,"column":1}},"line":106},"15":{"name":"(anonymous_15)","decl":{"start":{"line":107,"column":61},"end":{"line":107,"column":62}},"loc":{"start":{"line":107,"column":78},"end":{"line":113,"column":5}},"line":107},"16":{"name":"(anonymous_16)","decl":{"start":{"line":116,"column":41},"end":{"line":116,"column":42}},"loc":{"start":{"line":116,"column":55},"end":{"line":121,"column":1}},"line":116},"17":{"name":"(anonymous_17)","decl":{"start":{"line":117,"column":83},"end":{"line":117,"column":84}},"loc":{"start":{"line":117,"column":100},"end":{"line":120,"column":5}},"line":117}},"branchMap":{"0":{"loc":{"start":{"line":53,"column":4},"end":{"line":69,"column":5}},"type":"if","locations":[{"start":{"line":53,"column":4},"end":{"line":69,"column":5}},{"start":{"line":61,"column":11},"end":{"line":69,"column":5}}],"line":53},"1":{"loc":{"start":{"line":55,"column":12},"end":{"line":58,"column":13}},"type":"if","locations":[{"start":{"line":55,"column":12},"end":{"line":58,"column":13}},{"start":{},"end":{}}],"line":55},"2":{"loc":{"start":{"line":63,"column":12},"end":{"line":66,"column":13}},"type":"if","locations":[{"start":{"line":63,"column":12},"end":{"line":66,"column":13}},{"start":{},"end":{}}],"line":63},"3":{"loc":{"start":{"line":87,"column":8},"end":{"line":90,"column":9}},"type":"if","locations":[{"start":{"line":87,"column":8},"end":{"line":90,"column":9}},{"start":{},"end":{}}],"line":87},"4":{"loc":{"start":{"line":97,"column":8},"end":{"line":100,"column":9}},"type":"if","locations":[{"start":{"line":97,"column":8},"end":{"line":100,"column":9}},{"start":{},"end":{}}],"line":97},"5":{"loc":{"start":{"line":108,"column":8},"end":{"line":111,"column":9}},"type":"if","locations":[{"start":{"line":108,"column":8},"end":{"line":111,"column":9}},{"start":{},"end":{}}],"line":108},"6":{"loc":{"start":{"line":118,"column":8},"end":{"line":119,"column":33}},"type":"if","locations":[{"start":{"line":118,"column":8},"end":{"line":119,"column":33}},{"start":{"line":119,"column":13},"end":{"line":119,"column":33}}],"line":118}},"s":{"0":2,"1":2,"2":2,"3":2,"4":1,"5":2,"6":1,"7":2,"8":1,"9":2,"10":2,"11":1,"12":2,"13":0,"14":2,"15":0,"16":2,"17":0,"18":2,"19":4,"20":2,"21":2,"22":1,"23":1,"24":1,"25":2,"26":2,"27":1,"28":1,"29":1,"30":2,"31":1,"32":1,"33":1,"34":1,"35":0,"36":2,"37":2,"38":2,"39":1,"40":1,"41":1,"42":2,"43":2,"44":2,"45":1,"46":1,"47":1,"48":2,"49":2,"50":2,"51":1,"52":1,"53":2},"f":{"0":1,"1":1,"2":1,"3":1,"4":0,"5":0,"6":0,"7":4,"8":2,"9":2,"10":1,"11":1,"12":2,"13":2,"14":2,"15":2,"16":2,"17":2},"b":{"0":[2,2],"1":[1,1],"2":[1,1],"3":[1,0],"4":[1,1],"5":[1,1],"6":[1,1]},"_coverageSchema":"1a1c01bbd47fc00a2c39e90264f33305004495a9","hash":"9592f17a0ffe1eec415ea8d33ff6d9b6bf9701bc"}
}
