TN:
SF:routes\api.js
FN:12,(anonymous_0)
FN:17,(anonymous_1)
FN:22,(anonymous_2)
FN:31,(anonymous_3)
FN:36,(anonymous_4)
FN:41,(anonymous_5)
FN:46,(anonymous_6)
FN:52,(anonymous_7)
FN:54,(anonymous_8)
FN:62,(anonymous_9)
FN:85,(anonymous_10)
FN:86,(anonymous_11)
FN:95,(anonymous_12)
FN:96,(anonymous_13)
FN:106,(anonymous_14)
FN:107,(anonymous_15)
FN:116,(anonymous_16)
FN:117,(anonymous_17)
FNF:18
FNH:15
FNDA:1,(anonymous_0)
FNDA:1,(anonymous_1)
FNDA:1,(anonymous_2)
FNDA:1,(anonymous_3)
FNDA:0,(anonymous_4)
FNDA:0,(anonymous_5)
FNDA:0,(anonymous_6)
FNDA:4,(anonymous_7)
FNDA:2,(anonymous_8)
FNDA:2,(anonymous_9)
FNDA:1,(anonymous_10)
FNDA:1,(anonymous_11)
FNDA:2,(anonymous_12)
FNDA:2,(anonymous_13)
FNDA:2,(anonymous_14)
FNDA:2,(anonymous_15)
FNDA:2,(anonymous_16)
FNDA:2,(anonymous_17)
DA:1,2
DA:2,2
DA:3,2
DA:12,2
DA:13,1
DA:17,2
DA:18,1
DA:22,2
DA:23,1
DA:26,2
DA:31,2
DA:32,1
DA:36,2
DA:37,0
DA:41,2
DA:42,0
DA:46,2
DA:47,0
DA:52,2
DA:53,4
DA:54,2
DA:55,2
DA:56,1
DA:57,1
DA:59,1
DA:62,2
DA:63,2
DA:64,1
DA:65,1
DA:67,1
DA:85,2
DA:86,1
DA:87,1
DA:88,1
DA:89,1
DA:91,0
DA:95,2
DA:96,2
DA:97,2
DA:98,1
DA:99,1
DA:101,1
DA:106,2
DA:107,2
DA:108,2
DA:109,1
DA:110,1
DA:112,1
DA:116,2
DA:117,2
DA:118,2
DA:119,1
DA:123,2
LF:53
LH:49
BRDA:53,0,0,2
BRDA:53,0,1,2
BRDA:55,1,0,1
BRDA:55,1,1,1
BRDA:63,2,0,1
BRDA:63,2,1,1
BRDA:87,3,0,1
BRDA:87,3,1,0
BRDA:97,4,0,1
BRDA:97,4,1,1
BRDA:108,5,0,1
BRDA:108,5,1,1
BRDA:118,6,0,1
BRDA:118,6,1,1
BRF:14
BRH:13
end_of_record
